<?xml version="1.0" encoding="UTF-8"?>
<!-- Generated by org.testng.reporters.JUnitReportReporter -->
<testsuite hostname="IBM836-PC09KMYT" name="Testcase.TestURL" tests="1" failures="0" timestamp="22 Dec 2016 03:52:36 GMT" time="11.144" errors="0">
  <testcase name="RIPC_Login" time="11.144" classname="Testcase.TestURL"/>
</testsuite> <!-- Testcase.TestURL -->
